[  0%] Built target fake_ar_publisher_generate_messages_eus
[  0%] Built target fake_ar_publisher_generate_messages_nodejs
[  0%] Built target visualization_msgs_generate_messages_nodejs
[  0%] Built target geometry_msgs_generate_messages_cpp
[  0%] Built target geometry_msgs_generate_messages_py
[  0%] Built target visualization_msgs_generate_messages_eus
[  0%] Built target visualization_msgs_generate_messages_cpp
[  0%] Built target fake_ar_publisher_generate_messages_py
[  0%] Built target geometry_msgs_generate_messages_nodejs
[  0%] Built target visualization_msgs_generate_messages_py
[  0%] Built target fake_ar_publisher_generate_messages_lisp
[  0%] Built target roscpp_generate_messages_py
[  0%] Built target rosgraph_msgs_generate_messages_eus
[  0%] Built target std_msgs_generate_messages_nodejs
[  0%] Built target roscpp_generate_messages_cpp
[  0%] Built target geometry_msgs_generate_messages_eus
[  0%] Built target visualization_msgs_generate_messages_lisp
[  0%] Built target geometry_msgs_generate_messages_lisp
[  0%] Built target std_msgs_generate_messages_cpp
[  0%] Built target roscpp_generate_messages_eus
[  0%] Built target std_msgs_generate_messages_lisp
[  0%] Built target rosgraph_msgs_generate_messages_cpp
[  0%] Built target rosgraph_msgs_generate_messages_lisp
[  0%] Built target rosgraph_msgs_generate_messages_nodejs
[  0%] Built target roscpp_generate_messages_nodejs
[  0%] Built target std_msgs_generate_messages_py
[  0%] Built target rosgraph_msgs_generate_messages_py
[  0%] Built target roscpp_generate_messages_lisp
[  0%] Built target fake_ar_publisher_generate_messages_cpp
[  0%] Built target std_msgs_generate_messages_eus
[35m[1mScanning dependencies of target vision_node[0m
[ 50%] [32mBuilding CXX object CMakeFiles/vision_node.dir/src/vision_node.cpp.o[0m
[01m[K/home/jasondent/Practice/src/workcell_core/src/vision_node.cpp:[m[K In function ‘[01m[Kint main(int, const char**)[m[K’:
[01m[K/home/jasondent/Practice/src/workcell_core/src/vision_node.cpp:24:37:[m[K [01;31m[Kerror: [m[Kinvalid conversion from ‘[01m[Kconst char**[m[K’ to ‘[01m[Kchar**[m[K’ [-fpermissive]
  ros::init(argc, argv, "vision_node");
[01;32m[K                                     ^[m[K
In file included from [01m[K/opt/ros/kinetic/include/ros/node_handle.h:47:0[m[K,
                 from [01m[K/opt/ros/kinetic/include/ros/ros.h:45[m[K,
                 from [01m[K/home/jasondent/Practice/src/workcell_core/src/vision_node.cpp:1[m[K:
[01m[K/opt/ros/kinetic/include/ros/init.h:83:18:[m[K [01;36m[Knote: [m[K  initializing argument 2 of ‘[01m[Kvoid ros::init(int&, char**, const string&, uint32_t)[m[K’
 ROSCPP_DECL void init(int &argc, char **argv, const std::string& name, uint32_t options = 0);
[01;32m[K                  ^[m[K
CMakeFiles/vision_node.dir/build.make:62: recipe for target 'CMakeFiles/vision_node.dir/src/vision_node.cpp.o' failed
make[2]: *** [CMakeFiles/vision_node.dir/src/vision_node.cpp.o] Error 1
CMakeFiles/Makefile2:96: recipe for target 'CMakeFiles/vision_node.dir/all' failed
make[1]: *** [CMakeFiles/vision_node.dir/all] Error 2
Makefile:138: recipe for target 'all' failed
make: *** [all] Error 2
